['/home/ubuntu/ardino/mjjeon/nsynth-pytorch', '/usr/lib/python38.zip', '/usr/lib/python3.8', '/usr/lib/python3.8/lib-dynload', '/home/ubuntu/.local/lib/python3.8/site-packages', '/usr/local/lib/python3.8/dist-packages', '/usr/lib/python3/dist-packages', '/home/ubuntu/ardino/mjjeon/nsynth-pytorch', '/home/ubuntu/ardino/mjjeon/nsynth-pytorch', '/home/ubuntu/ardino/mjjeon/nsynth-pytorch', '/home/ubuntu/ardino/mjjeon/nsynth-pytorch']
make model is done.
Loading NSynth data from split train at /home/ubuntu/ardino/mjjeon/nsynth-pytorch/data/nsynth-train
	Found 9 samples.
Loading NSynth data from split test at /home/ubuntu/ardino/mjjeon/nsynth-pytorch/data/nsynth-test
	Found 2 samples.
make loaders is done.
train start!

Using device: cuda:0
train until  250000
it=         0		Loss/train:6.202e+00	Time/train:5.975e+00	LR:1.000e-03
SAVE THE MODEL
TEST THE MODEL
/home/ubuntu/.local/lib/python3.8/site-packages/torch/optim/lr_scheduler.py:149: UserWarning: The epoch parameter in `scheduler.step()` was not necessary and is being deprecated where possible. Please use `scheduler.step()` to step the scheduler. During the deprecation, if epoch is different from None, the closed form is used instead of the new chainable form, where available. Please open an issue if you are unable to replicate your use case: https://github.com/pytorch/pytorch/issues/new/choose.
  warnings.warn(EPOCH_DEPRECATION_WARNING, UserWarning)
it=         0		Loss/test:5.977e+00	Time/test:2.974e+00
/home/ubuntu/.local/lib/python3.8/site-packages/torch/optim/lr_scheduler.py:149: UserWarning: The epoch parameter in `scheduler.step()` was not necessary and is being deprecated where possible. Please use `scheduler.step()` to step the scheduler. During the deprecation, if epoch is different from None, the closed form is used instead of the new chainable form, where available. Please open an issue if you are unable to replicate your use case: https://github.com/pytorch/pytorch/issues/new/choose.
  warnings.warn(EPOCH_DEPRECATION_WARNING, UserWarning)
Traceback (most recent call last):
  File "/home/ubuntu/ardino/mjjeon/nsynth-pytorch/train.py", line 34, in <module>
    main(make_config('train').parse_args())
  File "/home/ubuntu/ardino/mjjeon/nsynth-pytorch/train.py", line 19, in main
    train(model=model,
  File "/home/ubuntu/ardino/mjjeon/nsynth-pytorch/nsynth/training.py", line 88, in train
    _, loss = loss_function(model, x, y, device)
  File "/home/ubuntu/ardino/mjjeon/nsynth-pytorch/nsynth/autoencoder.py", line 54, in loss_function
    loss = F.cross_entropy(logits, y.to(device))
KeyboardInterrupt
